时间:[2016-09-02 15:32:18]类名:[WebSiteBll],行号:[0行],错误信息:[未将对象引用设置到对象的实例。]
-----------------------------------------------------------------------------------------------
时间:[2016-09-02 15:32:34]类名:[WebSiteBll],行号:[0行],错误信息:[未将对象引用设置到对象的实例。]
-----------------------------------------------------------------------------------------------
时间:[2016-09-07 09:33:27]类名:[intendetails_aspx],行号:[60行],错误信息:[无法对 null 引用执行运行时绑定]
-----------------------------------------------------------------------------------------------
时间:[2016-09-07 09:34:02]类名:[intendetails_aspx],行号:[60行],错误信息:[无法对 null 引用执行运行时绑定]
-----------------------------------------------------------------------------------------------
时间:[2016-09-07 09:34:53]类名:[intendetails_aspx],行号:[60行],错误信息:[无法对 null 引用执行运行时绑定]
-----------------------------------------------------------------------------------------------
时间:[2016-09-07 09:35:05]类名:[intendetails_aspx],行号:[60行],错误信息:[无法对 null 引用执行运行时绑定]
-----------------------------------------------------------------------------------------------
时间:[2016-09-07 09:36:04]类名:[intendetails_aspx],行号:[60行],错误信息:[无法对 null 引用执行运行时绑定]
-----------------------------------------------------------------------------------------------
时间:[2016-09-07 09:42:01]类名:[intendetails_aspx],行号:[60行],错误信息:[无法对 null 引用执行运行时绑定]
-----------------------------------------------------------------------------------------------
时间:[2016-09-22 09:03:23]类名:[WebSiteBll],行号:[0行],错误信息:[关键字 'order' 附近有语法错误。]
-----------------------------------------------------------------------------------------------
时间:[2016-09-29 09:53:43]类名:[GetUserCookiesPlug],行号:[0行],错误信息:[值不能为 null。
参数名: s]
-----------------------------------------------------------------------------------------------
时间:[2016-12-02 08:15:43]类名:[GetUserCookiesPlug],行号:[23行],错误信息:[值不能为 null。
参数名: s]
-----------------------------------------------------------------------------------------------
时间:[2016-12-02 08:27:14]类名:[GetUserCookiesPlug],行号:[23行],错误信息:[值不能为 null。
参数名: s]
-----------------------------------------------------------------------------------------------
时间:[2016-12-02 08:27:15]类名:[GetUserCookiesPlug],行号:[23行],错误信息:[值不能为 null。
参数名: s]
-----------------------------------------------------------------------------------------------
时间:[2016-12-02 09:04:05]类名:[newsdetails_aspx],行号:[54行],错误信息:[无法对 null 引用执行运行时绑定]
-----------------------------------------------------------------------------------------------
时间:[2016-12-02 09:04:45]类名:[newsdetails_aspx],行号:[54行],错误信息:[无法对 null 引用执行运行时绑定]
-----------------------------------------------------------------------------------------------
时间:[2016-12-02 09:06:37]类名:[newsdetails_aspx],行号:[54行],错误信息:[无法对 null 引用执行运行时绑定]
-----------------------------------------------------------------------------------------------
时间:[2016-12-02 09:07:35]类名:[newsdetails_aspx],行号:[54行],错误信息:[无法对 null 引用执行运行时绑定]
-----------------------------------------------------------------------------------------------
时间:[2017-03-14 15:39:48]类名:[WebSiteBll],行号:[633行],错误信息:[-20 的 StartRecord 值无效；该值必须大于等于 0。
参数名: startRecord]
-----------------------------------------------------------------------------------------------
时间:[2017-03-15 09:26:25]类名:[OrganizationBll],行号:[326行],错误信息:[无法对 null 引用执行运行时绑定]
-----------------------------------------------------------------------------------------------
时间:[2017-03-15 09:27:46]类名:[OrganizationBll],行号:[326行],错误信息:[无法对 null 引用执行运行时绑定]
-----------------------------------------------------------------------------------------------
时间:[2017-03-15 09:29:16]类名:[OrganizationBll],行号:[326行],错误信息:[无法对 null 引用执行运行时绑定]
-----------------------------------------------------------------------------------------------
时间:[2017-03-20 08:15:05]类名:[TOnlineNumberBll],行号:[28行],错误信息:[无法打开登录所请求的数据库 "ncpep"。登录失败。
用户 'sa' 登录失败。]
-----------------------------------------------------------------------------------------------
时间:[2017-03-20 08:15:05]类名:[TOnlineNumberBll],行号:[43行],错误信息:[无法打开登录所请求的数据库 "ncpep"。登录失败。
用户 'sa' 登录失败。]
-----------------------------------------------------------------------------------------------
